<?xml version="1.0" encoding="UTF-8"?>
<testsuites name="Mocha Tests" time="35.022999999999996" tests="3" failures="2">
  <testsuite name="Root Suite" timestamp="2018-08-13T16:24:39" tests="0" failures="0" time="0">
  </testsuite>
  <testsuite name="Registration Page" timestamp="2018-08-13T16:24:39" tests="3" file="C:\Users\Catania\Desktop\daniela_test\RegistrationPage_test.js" failures="2" time="35.022999999999996">
    <testcase name="Registration Page: Test Registration Page - Success" time="13.752" classname="Test Registration Page - Success">
      <failure message="expected web page to include &quot;Logged in as: John Doe&quot;" type="Error"><![CDATA[expected web page to include "Logged in as: John Doe"

Scenario Steps:

- I.see("Logged in as: John Doe") at Object.obj.(anonymous function).obj.(anonymous function) [as see] (C:\Users\Catania\AppData\Roaming\npm\node_modules\codeceptjs\lib\actor.js:28:26)
- I.click("//a[@id='registerForm:registerButtonGDPR']") at Object.obj.(anonymous function).obj.(anonymous function) [as click] (C:\Users\Catania\AppData\Roaming\npm\node_modules\codeceptjs\lib\actor.js:28:26)
- I.uncheckOption("//input[@id='registerForm:deutscheFootballLiga']") at Object.obj.(anonymous function).obj.(anonymous function) [as uncheckOption] (C:\Users\Catania\AppData\Roaming\npm\node_modules\codeceptjs\lib\actor.js:28:26)
- I.uncheckOption("//input[@id='registerForm:dataProcessing']") at Object.obj.(anonymous function).obj.(anonymous function) [as uncheckOption] (C:\Users\Catania\AppData\Roaming\npm\node_modules\codeceptjs\lib\actor.js:28:26)
- I.fillField("//input[@id='registerForm:phoneMobile']", "+35679797979") at Object.obj.(anonymous function).obj.(anonymous function) [as fillField] (C:\Users\Catania\AppData\Roaming\npm\node_modules\codeceptjs\lib\actor.js:28:26)
- I.fillField("//input[@id='registerForm:zipCode']", "RBT") at Object.obj.(anonymous function).obj.(anonymous function) [as fillField] (C:\Users\Catania\AppData\Roaming\npm\node_modules\codeceptjs\lib\actor.js:28:26)
- I.fillField("//input[@id='registerForm:city']", "Rabat") at Object.obj.(anonymous function).obj.(anonymous function) [as fillField] (C:\Users\Catania\AppData\Roaming\npm\node_modules\codeceptjs\lib\actor.js:28:26)
- I.fillField("//input[@id='registerForm:street']", "20, Aloha") at Object.obj.(anonymous function).obj.(anonymous function) [as fillField] (C:\Users\Catania\AppData\Roaming\npm\node_modules\codeceptjs\lib\actor.js:28:26)
- I.fillField("//input[@id='registerForm:birthCity']", "Rabat") at Object.obj.(anonymous function).obj.(anonymous function) [as fillField] (C:\Users\Catania\AppData\Roaming\npm\node_modules\codeceptjs\lib\actor.js:28:26)
- I.selectOption("//select[@id='registerForm:birthCountry']", "Malta") at Object.obj.(anonymous function).obj.(anonymous function) [as selectOption] (C:\Users\Catania\AppData\Roaming\npm\node_modules\codeceptjs\lib\actor.js:28:26)
- I.selectOption("//select[@id='registerForm:nationality']", "Malta") at Object.obj.(anonymous function).obj.(anonymous function) [as selectOption] (C:\Users\Catania\AppData\Roaming\npm\node_modules\codeceptjs\lib\actor.js:28:26)
- I.selectOption("//select[@id='registerForm:day']", "2") at Object.obj.(anonymous function).obj.(anonymous function) [as selectOption] (C:\Users\Catania\AppData\Roaming\npm\node_modules\codeceptjs\lib\actor.js:28:26)
- I.selectOption("//select[@id='registerForm:day']", "2") at Object.obj.(anonymous function).obj.(anonymous function) [as selectOption] (C:\Users\Catania\AppData\Roaming\npm\node_modules\codeceptjs\lib\actor.js:28:26)
- I.selectOption("//select[@id='registerForm:day']", "2") at Object.obj.(anonymous function).obj.(anonymous function) [as selectOption] (C:\Users\Catania\AppData\Roaming\npm\node_modules\codeceptjs\lib\actor.js:28:26)
- I.selectOption("//select[@id='registerForm:month']", "January") at Object.obj.(anonymous function).obj.(anonymous function) [as selectOption] (C:\Users\Catania\AppData\Roaming\npm\node_modules\codeceptjs\lib\actor.js:28:26)
- I.selectOption("//select[@id='registerForm:year']", "1990") at Object.obj.(anonymous function).obj.(anonymous function) [as selectOption] (C:\Users\Catania\AppData\Roaming\npm\node_modules\codeceptjs\lib\actor.js:28:26)
- I.fillField("//input[@id='registerForm:lastName']", "Doe") at Object.obj.(anonymous function).obj.(anonymous function) [as fillField] (C:\Users\Catania\AppData\Roaming\npm\node_modules\codeceptjs\lib\actor.js:28:26)
- I.fillField("//input[@id='registerForm:firstName']", "John") at Object.obj.(anonymous function).obj.(anonymous function) [as fillField] (C:\Users\Catania\AppData\Roaming\npm\node_modules\codeceptjs\lib\actor.js:28:26)
- I.fillField("//input[@id='registerForm:passwordConfirm']", "Password123") at Object.obj.(anonymous function).obj.(anonymous function) [as fillField] (C:\Users\Catania\AppData\Roaming\npm\node_modules\codeceptjs\lib\actor.js:28:26)
- I.fillField("//input[@id='registerForm:password']", "Password123") at Object.obj.(anonymous function).obj.(anonymous function) [as fillField] (C:\Users\Catania\AppData\Roaming\npm\node_modules\codeceptjs\lib\actor.js:28:26)
- I.fillField("//input[@id='registerForm:email']", "ddddddddeeeffffgggg@test.com") at Object.obj.(anonymous function).obj.(anonymous function) [as fillField] (C:\Users\Catania\AppData\Roaming\npm\node_modules\codeceptjs\lib\actor.js:28:26)
- I.fillField("//input[@id='registerForm:login']", "testUser123") at Object.obj.(anonymous function).obj.(anonymous function) [as fillField] (C:\Users\Catania\AppData\Roaming\npm\node_modules\codeceptjs\lib\actor.js:28:26)
- I.selectOption("//select[@id='registerForm:country']", "Malta") at Object.obj.(anonymous function).obj.(anonymous function) [as selectOption] (C:\Users\Catania\AppData\Roaming\npm\node_modules\codeceptjs\lib\actor.js:28:26)

]]></failure>
    </testcase>
    <testcase name="Registration Page: Test Registration Page - Register Duplicate User" time="5.099" classname="Test Registration Page - Register Duplicate User">
      <failure message="stale element reference: element is not attached to the page document" type="Error"><![CDATA[stale element reference: element is not attached to the page document

Scenario Steps:

- I.selectOption("//select[@id='registerForm:month']", "January") at Object.obj.(anonymous function).obj.(anonymous function) [as selectOption] (C:\Users\Catania\AppData\Roaming\npm\node_modules\codeceptjs\lib\actor.js:28:26)
- I.selectOption("//select[@id='registerForm:year']", "1990") at Object.obj.(anonymous function).obj.(anonymous function) [as selectOption] (C:\Users\Catania\AppData\Roaming\npm\node_modules\codeceptjs\lib\actor.js:28:26)
- I.fillField("//input[@id='registerForm:lastName']", "Doe") at Object.obj.(anonymous function).obj.(anonymous function) [as fillField] (C:\Users\Catania\AppData\Roaming\npm\node_modules\codeceptjs\lib\actor.js:28:26)
- I.fillField("//input[@id='registerForm:firstName']", "John") at Object.obj.(anonymous function).obj.(anonymous function) [as fillField] (C:\Users\Catania\AppData\Roaming\npm\node_modules\codeceptjs\lib\actor.js:28:26)
- I.fillField("//input[@id='registerForm:passwordConfirm']", "Password123") at Object.obj.(anonymous function).obj.(anonymous function) [as fillField] (C:\Users\Catania\AppData\Roaming\npm\node_modules\codeceptjs\lib\actor.js:28:26)
- I.fillField("//input[@id='registerForm:password']", "Password123") at Object.obj.(anonymous function).obj.(anonymous function) [as fillField] (C:\Users\Catania\AppData\Roaming\npm\node_modules\codeceptjs\lib\actor.js:28:26)
- I.fillField("//input[@id='registerForm:email']", "llllllllllllllllll@test.com") at Object.obj.(anonymous function).obj.(anonymous function) [as fillField] (C:\Users\Catania\AppData\Roaming\npm\node_modules\codeceptjs\lib\actor.js:28:26)
- I.fillField("//input[@id='registerForm:login']", "llllllllllllllllll") at Object.obj.(anonymous function).obj.(anonymous function) [as fillField] (C:\Users\Catania\AppData\Roaming\npm\node_modules\codeceptjs\lib\actor.js:28:26)
- I.selectOption("//select[@id='registerForm:country']", "Malta") at Object.obj.(anonymous function).obj.(anonymous function) [as selectOption] (C:\Users\Catania\AppData\Roaming\npm\node_modules\codeceptjs\lib\actor.js:28:26)

]]></failure>
    </testcase>
    <testcase name="Registration Page: Test Registration Page - Check for Field Validations Required" time="16.172" classname="Test Registration Page - Check for Field Validations Required">
    </testcase>
  </testsuite>
</testsuites>